2025-11-05T11:46:10:  ⚠ `experimental.serverComponentsExternalPackages` has been moved to `serverExternalPackages`. Please update your next.config.js file accordingly.
2025-11-05T11:46:10:  ⚠ "next start" does not work with "output: standalone" configuration. Use "node .next/standalone/server.js" instead.
2025-11-05T11:46:13: [next-auth][error][CLIENT_FETCH_ERROR] 
https://next-auth.js.org/errors#client_fetch_error Unexpected token '<', "<html>
<h"... is not valid JSON {
  error: {
    message: `Unexpected token '<', "<html>\r\n<h"... is not valid JSON`,
    stack: `SyntaxError: Unexpected token '<', "<html>\r\n` +
      '<h"... is not valid JSON\n' +
      '    at JSON.parse (<anonymous>)\n' +
      '    at parseJSONFromBytes (node:internal/deps/undici/undici:5738:19)\n' +
      '    at successSteps (node:internal/deps/undici/undici:5719:27)\n' +
      '    at fullyReadBody (node:internal/deps/undici/undici:4609:9)\n' +
      '    at process.processTicksAndRejections (node:internal/process/task_queues:105:5)\n' +
      '    at async consumeBody (node:internal/deps/undici/undici:5728:7)',
    name: 'SyntaxError'
  },
  url: 'https://191413.ai/api/auth/providers',
  message: `Unexpected token '<', "<html>\r\n<h"... is not valid JSON`
}
2025-11-05T11:46:35: ❌ 认证过程错误: 邮箱或密码错误
2025-11-05T13:08:24:  ⚠ `experimental.serverComponentsExternalPackages` has been moved to `serverExternalPackages`. Please update your next.config.js file accordingly.
2025-11-05T13:08:24: [Error: Could not find a production build in the '.next' directory. Try building your app with 'next build' before starting the production server. https://nextjs.org/docs/messages/production-start-no-build-id]
2025-11-05T13:08:29:  ⚠ `experimental.serverComponentsExternalPackages` has been moved to `serverExternalPackages`. Please update your next.config.js file accordingly.
2025-11-05T13:08:29: [Error: Could not find a production build in the '.next' directory. Try building your app with 'next build' before starting the production server. https://nextjs.org/docs/messages/production-start-no-build-id]
2025-11-05T13:08:33:  ⚠ `experimental.serverComponentsExternalPackages` has been moved to `serverExternalPackages`. Please update your next.config.js file accordingly.
2025-11-05T13:08:33: [Error: Could not find a production build in the '.next' directory. Try building your app with 'next build' before starting the production server. https://nextjs.org/docs/messages/production-start-no-build-id]
2025-11-05T13:08:38:  ⚠ `experimental.serverComponentsExternalPackages` has been moved to `serverExternalPackages`. Please update your next.config.js file accordingly.
2025-11-05T13:08:38: [Error: Could not find a production build in the '.next' directory. Try building your app with 'next build' before starting the production server. https://nextjs.org/docs/messages/production-start-no-build-id]
2025-11-05T13:08:42:  ⚠ `experimental.serverComponentsExternalPackages` has been moved to `serverExternalPackages`. Please update your next.config.js file accordingly.
2025-11-05T13:08:42: [Error: Could not find a production build in the '.next' directory. Try building your app with 'next build' before starting the production server. https://nextjs.org/docs/messages/production-start-no-build-id]
2025-11-05T13:08:46:  ⚠ `experimental.serverComponentsExternalPackages` has been moved to `serverExternalPackages`. Please update your next.config.js file accordingly.
2025-11-05T13:08:46: [Error: Could not find a production build in the '.next' directory. Try building your app with 'next build' before starting the production server. https://nextjs.org/docs/messages/production-start-no-build-id]
2025-11-05T13:08:51:  ⚠ `experimental.serverComponentsExternalPackages` has been moved to `serverExternalPackages`. Please update your next.config.js file accordingly.
2025-11-05T13:08:51: [Error: Could not find a production build in the '.next' directory. Try building your app with 'next build' before starting the production server. https://nextjs.org/docs/messages/production-start-no-build-id]
2025-11-05T13:08:55:  ⚠ `experimental.serverComponentsExternalPackages` has been moved to `serverExternalPackages`. Please update your next.config.js file accordingly.
2025-11-05T13:08:55: [Error: Could not find a production build in the '.next' directory. Try building your app with 'next build' before starting the production server. https://nextjs.org/docs/messages/production-start-no-build-id]
2025-11-05T13:09:00:  ⚠ `experimental.serverComponentsExternalPackages` has been moved to `serverExternalPackages`. Please update your next.config.js file accordingly.
2025-11-05T13:09:00: [Error: Could not find a production build in the '.next' directory. Try building your app with 'next build' before starting the production server. https://nextjs.org/docs/messages/production-start-no-build-id]
2025-11-05T13:09:04:  ⚠ `experimental.serverComponentsExternalPackages` has been moved to `serverExternalPackages`. Please update your next.config.js file accordingly.
2025-11-05T13:09:04: [Error: Could not find a production build in the '.next' directory. Try building your app with 'next build' before starting the production server. https://nextjs.org/docs/messages/production-start-no-build-id]
2025-11-05T14:07:01: TypeError: Cannot read properties of null (reading 'useContext')
    at n (.next/server/pages/api/debug-auth.js:1:1009)
    at async Module.u (.next/server/pages/api/debug-auth.js:1:3075)
2025-11-05T14:09:29: ❌ 认证过程错误: 邮箱或密码错误
