2025-11-05T11:46:10:    ▲ Next.js 15.5.6
2025-11-05T11:46:10:    - Local:        http://localhost:3000
2025-11-05T11:46:10:    - Network:      http://43.228.124.126:3000
2025-11-05T11:46:10: 
2025-11-05T11:46:10:  ✓ Starting...
2025-11-05T11:46:10:  ✓ Ready in 370ms
2025-11-05T11:46:11: ✅ Prisma 数据库连接成功
2025-11-05T11:46:11: ✅ Prisma 数据库连接成功
2025-11-05T13:08:24:    ▲ Next.js 15.5.6
2025-11-05T13:08:24:    - Local:        http://localhost:3000
2025-11-05T13:08:24:    - Network:      http://43.228.124.126:3000
2025-11-05T13:08:24: 
2025-11-05T13:08:24:  ✓ Starting...
2025-11-05T13:08:29:    ▲ Next.js 15.5.6
2025-11-05T13:08:29:    - Local:        http://localhost:3000
2025-11-05T13:08:29:    - Network:      http://43.228.124.126:3000
2025-11-05T13:08:29: 
2025-11-05T13:08:29:  ✓ Starting...
2025-11-05T13:08:33:    ▲ Next.js 15.5.6
2025-11-05T13:08:33:    - Local:        http://localhost:3000
2025-11-05T13:08:33:    - Network:      http://43.228.124.126:3000
2025-11-05T13:08:33: 
2025-11-05T13:08:33:  ✓ Starting...
2025-11-05T13:08:37:    ▲ Next.js 15.5.6
2025-11-05T13:08:37:    - Local:        http://localhost:3000
2025-11-05T13:08:37:    - Network:      http://43.228.124.126:3000
2025-11-05T13:08:37: 
2025-11-05T13:08:37:  ✓ Starting...
2025-11-05T13:08:42:    ▲ Next.js 15.5.6
2025-11-05T13:08:42:    - Local:        http://localhost:3000
2025-11-05T13:08:42:    - Network:      http://43.228.124.126:3000
2025-11-05T13:08:42: 
2025-11-05T13:08:42:  ✓ Starting...
2025-11-05T13:08:46:    ▲ Next.js 15.5.6
2025-11-05T13:08:46:    - Local:        http://localhost:3000
2025-11-05T13:08:46:    - Network:      http://43.228.124.126:3000
2025-11-05T13:08:46: 
2025-11-05T13:08:46:  ✓ Starting...
2025-11-05T13:08:51:    ▲ Next.js 15.5.6
2025-11-05T13:08:51:    - Local:        http://localhost:3000
2025-11-05T13:08:51:    - Network:      http://43.228.124.126:3000
2025-11-05T13:08:51: 
2025-11-05T13:08:51:  ✓ Starting...
2025-11-05T13:08:55:    ▲ Next.js 15.5.6
2025-11-05T13:08:55:    - Local:        http://localhost:3000
2025-11-05T13:08:55:    - Network:      http://43.228.124.126:3000
2025-11-05T13:08:55: 
2025-11-05T13:08:55:  ✓ Starting...
2025-11-05T13:09:00:    ▲ Next.js 15.5.6
2025-11-05T13:09:00:    - Local:        http://localhost:3000
2025-11-05T13:09:00:    - Network:      http://43.228.124.126:3000
2025-11-05T13:09:00: 
2025-11-05T13:09:00:  ✓ Starting...
2025-11-05T13:09:04:    ▲ Next.js 15.5.6
2025-11-05T13:09:04:    - Local:        http://localhost:3000
2025-11-05T13:09:04:    - Network:      http://43.228.124.126:3000
2025-11-05T13:09:04: 
2025-11-05T13:09:04:  ✓ Starting...
2025-11-05T14:05:37:    ▲ Next.js 15.5.6
2025-11-05T14:05:37:    - Local:        http://localhost:3000
2025-11-05T14:05:37:    - Network:      http://43.228.124.126:3000
2025-11-05T14:05:37: 
2025-11-05T14:05:37:  ✓ Starting...
2025-11-05T14:05:37:  ✓ Ready in 365ms
2025-11-05T14:05:37: ✅ Prisma 数据库连接成功
2025-11-05T14:05:37: ✅ Prisma 数据库连接成功
